// 重构日志: 7f0bd5f1
// 重构日志: 1466437d
// 重构日志: 7c1b06c9
// 重构日志: 5ea7f0aa
// 重构日志: 0acae2f1
// 同步 ID: e2e62ac0 @ Tue May 12 17:04:48 UTC 2026
// 重构日志: 9a0aab1d
// 同步 ID: 88b6549a @ Sat May 16 00:21:58 UTC 2026
// 重构日志: 90ba57cf
// 重构日志: 2e38b02a
// 重构日志: bb3f408e
// 重构日志: d1bd91f5
// 重构日志: df09841e
// 重构日志: 06be7f16
// 重构日志: 7f7dcc05
// 重构日志: 0cacfe6d
// 同步 ID: 60c42d5c @ Fri Jun  5 14:35:01 UTC 2026
// 重构日志: 8eb37b21
// 同步 ID: 1fd35c26 @ Sat Jun  6 02:47:25 UTC 2026
// 重构日志: 4779c797
// 重构日志: 5a09d52f
// 重构日志: 58f258e9
// 重构日志: d3edb3b1
// 重构日志: 83cbc174
// 重构日志: 7603ce16
// 重构日志: c3a25754
// 同步 ID: bee98b7c @ Thu Jun 11 00:42:53 UTC 2026
// 同步 ID: 333cff8b @ Thu Jun 11 10:05:21 UTC 2026
// 同步 ID: 6abfb295 @ Thu Jun 11 18:00:46 UTC 2026
// 同步 ID: 2c98411e @ Fri Jun 12 16:50:22 UTC 2026
// 重构日志: f4abc80b
